
> @ignite-ui/docs@1.0.0 build
> storybook build

@storybook/cli v7.0.2

info => Cleaning outputDir: \storybook-static
info => Loading presets
info => Building manager..
info => Manager built (1.26 s)
info => Copying static files: C:\Users\Mega Lite 3.0\Documents\Projects\05-design-system\node_modules\@storybook\manager\static at C:\Users\Mega Lite 3.0\Documents\Projects\05-design-system\packages\docs\storybook-static\sb-common-assets
[36mvite v4.2.1 [32mbuilding for production...[36m[39m

./sb-common-assets/fonts.css doesn't exist at build time, it will remain unchanged to be resolved at runtime
transforming...
Use of eval in "../../node_modules/telejson/dist/index.mjs" is strongly discouraged as it poses security risks and may cause issues with minification.
Use of eval in "../../node_modules/telejson/dist/index.mjs" is strongly discouraged as it poses security risks and may cause issues with minification.
[32m✓[39m 572 modules transformed.
rendering chunks...
computing gzip size...
[2mstorybook-static/[22m[32miframe.html                                         [39m[1m[2m 13.12 kB[22m[1m[22m
[2mstorybook-static/[22m[35massets/TokensGrid-a951d872.css                      [39m[1m[2m  0.44 kB[22m[1m[22m[2m │ gzip:   0.23 kB[22m
[2mstorybook-static/[22m[36massets/index-d475d2ea.js                            [39m[1m[2m  0.21 kB[22m[1m[22m[2m │ gzip:   0.17 kB[22m[2m │ map:     0.78 kB[22m
[2mstorybook-static/[22m[36massets/index-6d9de412.js                            [39m[1m[2m  0.25 kB[22m[1m[22m[2m │ gzip:   0.20 kB[22m[2m │ map:     0.10 kB[22m
[2mstorybook-static/[22m[36massets/_commonjsHelpers-725317a4.js                 [39m[1m[2m  0.29 kB[22m[1m[22m[2m │ gzip:   0.23 kB[22m[2m │ map:     0.11 kB[22m
[2mstorybook-static/[22m[36massets/chunk-R4NKYYJA-96bb58e6.js                   [39m[1m[2m  0.30 kB[22m[1m[22m[2m │ gzip:   0.23 kB[22m[2m │ map:     0.76 kB[22m
[2mstorybook-static/[22m[36massets/preview-508c8096.js                          [39m[1m[2m  0.34 kB[22m[1m[22m[2m │ gzip:   0.27 kB[22m[2m │ map:     0.55 kB[22m
[2mstorybook-static/[22m[36massets/WithTooltip-3BDV6MYO-4f211984.js             [39m[1m[2m  0.46 kB[22m[1m[22m[2m │ gzip:   0.27 kB[22m[2m │ map:     0.11 kB[22m
[2mstorybook-static/[22m[36massets/DocsRenderer-7FRJXR4N-1cd49854.js            [39m[1m[2m  0.47 kB[22m[1m[22m[2m │ gzip:   0.29 kB[22m[2m │ map:     0.11 kB[22m
[2mstorybook-static/[22m[36massets/syntaxhighlighter-QTQ2UBB4-4da0c541.js       [39m[1m[2m  0.48 kB[22m[1m[22m[2m │ gzip:   0.30 kB[22m[2m │ map:     0.12 kB[22m
[2mstorybook-static/[22m[36massets/index-657034b5.js                            [39m[1m[2m  0.53 kB[22m[1m[22m[2m │ gzip:   0.35 kB[22m[2m │ map:     4.23 kB[22m
[2mstorybook-static/[22m[36massets/preview-3ce5f447.js                          [39m[1m[2m  0.65 kB[22m[1m[22m[2m │ gzip:   0.39 kB[22m[2m │ map:     0.58 kB[22m
[2mstorybook-static/[22m[36massets/preview-0435c720.js                          [39m[1m[2m  0.69 kB[22m[1m[22m[2m │ gzip:   0.49 kB[22m[2m │ map:     3.67 kB[22m
[2mstorybook-static/[22m[36massets/index-356e4a49.js                            [39m[1m[2m  0.81 kB[22m[1m[22m[2m │ gzip:   0.51 kB[22m[2m │ map:     3.21 kB[22m
[2mstorybook-static/[22m[36massets/TokensGrid-2e633b83.js                       [39m[1m[2m  0.84 kB[22m[1m[22m[2m │ gzip:   0.46 kB[22m[2m │ map:     1.67 kB[22m
[2mstorybook-static/[22m[36massets/preview-b1164a2e.js                          [39m[1m[2m  0.88 kB[22m[1m[22m[2m │ gzip:   0.58 kB[22m[2m │ map:     2.72 kB[22m
[2mstorybook-static/[22m[36massets/index-e12bbcad.js                            [39m[1m[2m  0.92 kB[22m[1m[22m[2m │ gzip:   0.51 kB[22m[2m │ map:     2.49 kB[22m
[2mstorybook-static/[22m[36massets/jsx-runtime-c2efdcba.js                      [39m[1m[2m  1.06 kB[22m[1m[22m[2m │ gzip:   0.66 kB[22m[2m │ map:     2.19 kB[22m
[2mstorybook-static/[22m[36massets/home.stories-0f4a42a4.js                     [39m[1m[2m  1.14 kB[22m[1m[22m[2m │ gzip:   0.63 kB[22m[2m │ map:     1.24 kB[22m
[2mstorybook-static/[22m[36massets/radii.stories-32978111.js                    [39m[1m[2m  1.20 kB[22m[1m[22m[2m │ gzip:   0.64 kB[22m[2m │ map:     1.37 kB[22m
[2mstorybook-static/[22m[36massets/space.stories-c0354405.js                    [39m[1m[2m  1.21 kB[22m[1m[22m[2m │ gzip:   0.65 kB[22m[2m │ map:     1.39 kB[22m
[2mstorybook-static/[22m[36massets/fonts.stories-16e1a9f1.js                    [39m[1m[2m  1.23 kB[22m[1m[22m[2m │ gzip:   0.65 kB[22m[2m │ map:     1.39 kB[22m
[2mstorybook-static/[22m[36massets/line-heights.stories-5044db88.js             [39m[1m[2m  1.23 kB[22m[1m[22m[2m │ gzip:   0.65 kB[22m[2m │ map:     1.42 kB[22m
[2mstorybook-static/[22m[36massets/font-weights.stories-62b1c49c.js             [39m[1m[2m  1.23 kB[22m[1m[22m[2m │ gzip:   0.65 kB[22m[2m │ map:     1.42 kB[22m
[2mstorybook-static/[22m[36massets/font-sizes.stories-0fbd8e53.js               [39m[1m[2m  1.24 kB[22m[1m[22m[2m │ gzip:   0.66 kB[22m[2m │ map:     1.43 kB[22m
[2mstorybook-static/[22m[36massets/colors.stories-51019719.js                   [39m[1m[2m  1.53 kB[22m[1m[22m[2m │ gzip:   0.84 kB[22m[2m │ map:     2.53 kB[22m
[2mstorybook-static/[22m[36massets/preview-16cbdbf3.js                          [39m[1m[2m  2.38 kB[22m[1m[22m[2m │ gzip:   1.26 kB[22m[2m │ map:    10.02 kB[22m
[2mstorybook-static/[22m[36massets/index-d37d4223.js                            [39m[1m[2m  2.63 kB[22m[1m[22m[2m │ gzip:   1.30 kB[22m[2m │ map:     7.42 kB[22m
[2mstorybook-static/[22m[36massets/preview-f96f0111.js                          [39m[1m[2m  3.29 kB[22m[1m[22m[2m │ gzip:   1.41 kB[22m[2m │ map:    10.00 kB[22m
[2mstorybook-static/[22m[36massets/index-2812c619.js                            [39m[1m[2m  7.25 kB[22m[1m[22m[2m │ gzip:   2.97 kB[22m[2m │ map:    15.60 kB[22m
[2mstorybook-static/[22m[36massets/preview-62235626.js                          [39m[1m[2m  7.69 kB[22m[1m[22m[2m │ gzip:   1.60 kB[22m[2m │ map:    13.61 kB[22m
[2mstorybook-static/[22m[36massets/iframe-af5de5f5.js                           [39m[1m[2m  7.92 kB[22m[1m[22m[2m │ gzip:   1.89 kB[22m[2m │ map:     6.66 kB[22m
[2mstorybook-static/[22m[36massets/preview-e6f1f377.js                          [39m[1m[2m  7.97 kB[22m[1m[22m[2m │ gzip:   3.03 kB[22m[2m │ map:    28.09 kB[22m
[2mstorybook-static/[22m[36massets/GlobalScrollAreaStyles-XIHNDKUY-d12ebf07.js  [39m[1m[2m 10.25 kB[22m[1m[22m[2m │ gzip:   2.28 kB[22m[2m │ map:    15.66 kB[22m
[2mstorybook-static/[22m[36massets/Button.stories-7c437b48.js                   [39m[1m[2m 19.37 kB[22m[1m[22m[2m │ gzip:   7.52 kB[22m[2m │ map:    44.08 kB[22m
[2mstorybook-static/[22m[36massets/preview-5e4e46ab.js                          [39m[1m[2m 21.08 kB[22m[1m[22m[2m │ gzip:   7.00 kB[22m[2m │ map:    67.87 kB[22m
[2mstorybook-static/[22m[36massets/Color-3YIJY6X7-00f991ed.js                   [39m[1m[2m 31.02 kB[22m[1m[22m[2m │ gzip:  11.65 kB[22m[2m │ map:   111.91 kB[22m
[33m
(!) Some chunks are larger than 500 kBs after minification. Consider:
- Using dynamic import() to code-split the application
[2mstorybook-static/[22m[36massets/OverlayScrollbars-VAV6LJAB-c538f1bb.js       [39m[1m[2m 59.01 kB[22m[1m[22m[2m │ gzip:  25.30 kB[22m[2m │ map:   277.27 kB[22m
[2mstorybook-static/[22m[36massets/index-e9483952.js                            [39m[1m[2m 72.60 kB[22m[1m[22m[2m │ gzip:  26.72 kB[22m[2m │ map:   189.51 kB[22m
[2mstorybook-static/[22m[36massets/index-be455bd3.js                            [39m[1m[2m213.16 kB[22m[1m[22m[2m │ gzip:  66.71 kB[22m[2m │ map:   646.90 kB[22m
- Use build.rollupOptions.output.manualChunks to improve chunking: https://rollupjs.org/configuration-options/#output-manualchunks
- Adjust chunk size limit for this warning via build.chunkSizeWarningLimit.[39m
[2mstorybook-static/[22m[36massets/config-f59b1049.js                           [39m[1m[2m318.40 kB[22m[1m[22m[2m │ gzip:  98.32 kB[22m[2m │ map: 1,139.84 kB[22m
[2mstorybook-static/[22m[36massets/chunk-PCJTTTQV-23126d59.js                   [39m[1m[2m431.78 kB[22m[1m[22m[2m │ gzip: 139.42 kB[22m[2m │ map: 1,245.79 kB[22m
[2mstorybook-static/[22m[36massets/formatter-UT3ZCDIS-36bbd0b0.js               [39m[1m[33m601.67 kB[39m[22m[2m │ gzip: 185.05 kB[22m[2m │ map: 1,315.92 kB[22m
[32m✓[39m built in 56.48s
info => Output directory: C:\Users\Mega Lite 3.0\Documents\Projects\05-design-system\packages\docs\storybook-static
